<?xml version="1.0" encoding="UTF-8"?>
<robot generator="Robot 4.0.3 (Python 3.9.6 on win32)" generated="20210720 12:52:44.592" rpa="false" schemaversion="2">
<suite id="s1" name="TestCasesAPIRequests" source="C:\paygo\dispatcher\automation-jira-dispatcher\API_Testing\tests\TestCasesAPIRequests.robot">
<test id="s1-t1" name="Cenário 01: Consulta de endereço existente">
<kw name="Dado que esteja conectado no webservice de consultas de CEP" library="BDDImplementation">
<kw name="Conecta ao WebService" library="Steps">
<kw name="Create Session" library="RequestsLibrary">
<arg>consultaCEP</arg>
<arg>${HOST}</arg>
<arg>disable_warnings=True</arg>
<doc>Create Session: create a HTTP session to a server</doc>
<msg timestamp="20210720 12:52:44.719" level="INFO">Creating Session using : alias=consultaCEP, url=https://webmaniabr.com/api/1/cep, headers={},                     cookies={}, auth=None, timeout=None, proxies=None, verify=False,                     debug=0 </msg>
<status status="PASS" starttime="20210720 12:52:44.718" endtime="20210720 12:52:44.719"/>
</kw>
<status status="PASS" starttime="20210720 12:52:44.718" endtime="20210720 12:52:44.719"/>
</kw>
<status status="PASS" starttime="20210720 12:52:44.718" endtime="20210720 12:52:44.719"/>
</kw>
<kw name="Quando o usuário consultar o CEP &quot;06243-010&quot;" library="BDDImplementation" sourcename="Quando o usuário consultar o CEP &quot;${CEP_CONSULTADO}&quot;">
<kw name="Realiza requisição do CEP" library="Steps">
<arg>${CEP_CONSULTADO}</arg>
<kw name="Get On Session" library="RequestsLibrary">
<var>${RESPOSTA}</var>
<arg>consultaCEP</arg>
<arg>/${CEP_DESEJADO}/?app_key=${APP_KEY}&amp;app_secret=${APP_SECRET}</arg>
<doc>Sends a GET request on a previously created HTTP Session.</doc>
<msg timestamp="20210720 12:52:44.720" level="WARN">You might have an = symbol in url. You better place 'url=' before, example: 'url=/your-url/foo?param=a' or use '/your-url/foo  params=param=a' or escape it</msg>
<msg timestamp="20210720 12:52:44.734" level="FAIL">TypeError: get_on_session() missing 1 required positional argument: 'url'</msg>
<status status="FAIL" starttime="20210720 12:52:44.720" endtime="20210720 12:52:44.734"/>
</kw>
<kw name="Log" library="BuiltIn">
<arg>Resposta: ${RESPOSTA.text}</arg>
<doc>Logs the given message with the given level.</doc>
<status status="NOT RUN" starttime="20210720 12:52:44.734" endtime="20210720 12:52:44.734"/>
</kw>
<kw name="Set Test Variable" library="BuiltIn">
<arg>${RESPOSTA}</arg>
<doc>Makes a variable available everywhere within the scope of the current test.</doc>
<status status="NOT RUN" starttime="20210720 12:52:44.735" endtime="20210720 12:52:44.735"/>
</kw>
<status status="FAIL" starttime="20210720 12:52:44.719" endtime="20210720 12:52:44.735"/>
</kw>
<status status="FAIL" starttime="20210720 12:52:44.719" endtime="20210720 12:52:44.735"/>
</kw>
<kw name="Então deve ser mostrado o endereço &quot;Rua Pio XII&quot;" library="BDDImplementation" sourcename="Então deve ser mostrado o endereço &quot;${ENDERECO}&quot;">
<status status="NOT RUN" starttime="20210720 12:52:44.735" endtime="20210720 12:52:44.735"/>
</kw>
<kw name="E deve ser mostrado o bairro &quot;Jardim Elvira&quot;" library="BDDImplementation" sourcename="E deve ser mostrado o bairro &quot;${BAIRRO}&quot;">
<status status="NOT RUN" starttime="20210720 12:52:44.736" endtime="20210720 12:52:44.736"/>
</kw>
<kw name="E deve ser mostrada a cidade &quot;Osasco&quot;" library="BDDImplementation" sourcename="E deve ser mostrada a cidade &quot;${CIDADE}&quot;">
<status status="NOT RUN" starttime="20210720 12:52:44.736" endtime="20210720 12:52:44.736"/>
</kw>
<kw name="E deve ser mostrada a UF &quot;SP&quot;" library="BDDImplementation" sourcename="E deve ser mostrada a UF &quot;${UF}&quot;">
<status status="NOT RUN" starttime="20210720 12:52:44.736" endtime="20210720 12:52:44.736"/>
</kw>
<kw name="E deve ser mostrado o CEP &quot;06243010&quot;" library="BDDImplementation" sourcename="E deve ser mostrado o CEP &quot;${CEP}&quot;">
<status status="NOT RUN" starttime="20210720 12:52:44.736" endtime="20210720 12:52:44.736"/>
</kw>
<tag>jenkins</tag>
<status status="FAIL" starttime="20210720 12:52:44.717" endtime="20210720 12:52:44.737">TypeError: get_on_session() missing 1 required positional argument: 'url'</status>
</test>
<test id="s1-t2" name="Cenário 02: Consulta de endereço inexistente">
<kw name="Dado que esteja conectado no webservice de consultas de CEP" library="BDDImplementation">
<kw name="Conecta ao WebService" library="Steps">
<kw name="Create Session" library="RequestsLibrary">
<arg>consultaCEP</arg>
<arg>${HOST}</arg>
<arg>disable_warnings=True</arg>
<doc>Create Session: create a HTTP session to a server</doc>
<msg timestamp="20210720 12:52:44.739" level="INFO">Creating Session using : alias=consultaCEP, url=https://webmaniabr.com/api/1/cep, headers={},                     cookies={}, auth=None, timeout=None, proxies=None, verify=False,                     debug=0 </msg>
<status status="PASS" starttime="20210720 12:52:44.739" endtime="20210720 12:52:44.740"/>
</kw>
<status status="PASS" starttime="20210720 12:52:44.738" endtime="20210720 12:52:44.740"/>
</kw>
<status status="PASS" starttime="20210720 12:52:44.738" endtime="20210720 12:52:44.740"/>
</kw>
<kw name="Quando o usuário consultar o CEP &quot;99999-999&quot;" library="BDDImplementation" sourcename="Quando o usuário consultar o CEP &quot;${CEP_CONSULTADO}&quot;">
<kw name="Realiza requisição do CEP" library="Steps">
<arg>${CEP_CONSULTADO}</arg>
<kw name="Get On Session" library="RequestsLibrary">
<var>${RESPOSTA}</var>
<arg>consultaCEP</arg>
<arg>/${CEP_DESEJADO}/?app_key=${APP_KEY}&amp;app_secret=${APP_SECRET}</arg>
<doc>Sends a GET request on a previously created HTTP Session.</doc>
<msg timestamp="20210720 12:52:44.742" level="WARN">You might have an = symbol in url. You better place 'url=' before, example: 'url=/your-url/foo?param=a' or use '/your-url/foo  params=param=a' or escape it</msg>
<msg timestamp="20210720 12:52:44.743" level="FAIL">TypeError: get_on_session() missing 1 required positional argument: 'url'</msg>
<status status="FAIL" starttime="20210720 12:52:44.741" endtime="20210720 12:52:44.743"/>
</kw>
<kw name="Log" library="BuiltIn">
<arg>Resposta: ${RESPOSTA.text}</arg>
<doc>Logs the given message with the given level.</doc>
<status status="NOT RUN" starttime="20210720 12:52:44.743" endtime="20210720 12:52:44.743"/>
</kw>
<kw name="Set Test Variable" library="BuiltIn">
<arg>${RESPOSTA}</arg>
<doc>Makes a variable available everywhere within the scope of the current test.</doc>
<status status="NOT RUN" starttime="20210720 12:52:44.744" endtime="20210720 12:52:44.744"/>
</kw>
<status status="FAIL" starttime="20210720 12:52:44.741" endtime="20210720 12:52:44.744"/>
</kw>
<status status="FAIL" starttime="20210720 12:52:44.741" endtime="20210720 12:52:44.744"/>
</kw>
<kw name="Então a mensagem &quot;CEP INVÁLIDO&quot; deve ser retornada" library="BDDImplementation" sourcename="Então a mensagem &quot;${ERROR_MSG}&quot; deve ser retornada">
<status status="NOT RUN" starttime="20210720 12:52:44.744" endtime="20210720 12:52:44.744"/>
</kw>
<status status="FAIL" starttime="20210720 12:52:44.738" endtime="20210720 12:52:44.744">TypeError: get_on_session() missing 1 required positional argument: 'url'</status>
</test>
<doc>Suíte de Exemplo de testes API com o Robot Framework</doc>
<status status="FAIL" starttime="20210720 12:52:44.593" endtime="20210720 12:52:44.745"/>
</suite>
<statistics>
<total>
<stat pass="0" fail="2" skip="0">All Tests</stat>
</total>
<tag>
<stat pass="0" fail="1" skip="0">jenkins</stat>
</tag>
<suite>
<stat pass="0" fail="2" skip="0" id="s1" name="TestCasesAPIRequests">TestCasesAPIRequests</stat>
</suite>
</statistics>
<errors>
<msg timestamp="20210720 12:52:44.720" level="WARN">You might have an = symbol in url. You better place 'url=' before, example: 'url=/your-url/foo?param=a' or use '/your-url/foo  params=param=a' or escape it</msg>
<msg timestamp="20210720 12:52:44.742" level="WARN">You might have an = symbol in url. You better place 'url=' before, example: 'url=/your-url/foo?param=a' or use '/your-url/foo  params=param=a' or escape it</msg>
</errors>
</robot>
