<?xml version="1.0" encoding="UTF-8"?>
<robot generator="Robot 4.0.3 (Python 3.9.6 on win32)" generated="20210720 13:53:05.901" rpa="false" schemaversion="2">
<suite id="s1" name="Select" source="C:\paygo\robot\web\tests\select.robot">
<test id="s1-t1" name="Selecionar por texto e validar pelo valor">
<kw name="Nova sessão" library="base" type="SETUP">
<kw name="Open Browser" library="SeleniumLibrary">
<arg>${url}</arg>
<arg>headlesschrome</arg>
<doc>Opens a new browser instance to the optional ``url``.</doc>
<msg timestamp="20210720 13:53:06.083" level="INFO">Opening browser 'headlesschrome' to base url 'https://training-wheels-protocol.herokuapp.com'.</msg>
<status status="PASS" starttime="20210720 13:53:06.082" endtime="20210720 13:53:09.714"/>
</kw>
<status status="PASS" starttime="20210720 13:53:06.082" endtime="20210720 13:53:09.714"/>
</kw>
<kw name="Go To" library="SeleniumLibrary">
<arg>${url}/dropdown</arg>
<doc>Navigates the current browser window to the provided ``url``.</doc>
<msg timestamp="20210720 13:53:09.714" level="INFO">Opening url 'https://training-wheels-protocol.herokuapp.com/dropdown'</msg>
<status status="PASS" starttime="20210720 13:53:09.714" endtime="20210720 13:53:09.952"/>
</kw>
<kw name="Select From List By Label" library="SeleniumLibrary">
<arg>class:avenger-list</arg>
<arg>Scott Lang</arg>
<doc>Selects options from selection list ``locator`` by ``labels``.</doc>
<msg timestamp="20210720 13:53:09.953" level="INFO">Selecting options from selection list 'class:avenger-list' by label Scott Lang.</msg>
<status status="PASS" starttime="20210720 13:53:09.952" endtime="20210720 13:53:09.998"/>
</kw>
<kw name="Get Selected List Value" library="SeleniumLibrary">
<var>${selected}</var>
<arg>class:avenger-list</arg>
<doc>Returns the value of selected option from selection list ``locator``.</doc>
<msg timestamp="20210720 13:53:10.066" level="INFO">${selected} = 7</msg>
<status status="PASS" starttime="20210720 13:53:09.999" endtime="20210720 13:53:10.066"/>
</kw>
<kw name="Should Be Equal" library="BuiltIn">
<arg>${selected}</arg>
<arg>7</arg>
<doc>Fails if the given objects are unequal.</doc>
<status status="PASS" starttime="20210720 13:53:10.066" endtime="20210720 13:53:10.067"/>
</kw>
<kw name="Encerra sessão" library="base" type="TEARDOWN">
<kw name="Capture Page Screenshot" library="SeleniumLibrary">
<doc>Takes a screenshot of the current page and embeds it into a log file.</doc>
<msg timestamp="20210720 13:53:10.136" level="INFO" html="true">&lt;/td&gt;&lt;/tr&gt;&lt;tr&gt;&lt;td colspan="3"&gt;&lt;a href="selenium-screenshot-16.png"&gt;&lt;img src="selenium-screenshot-16.png" width="800px"&gt;&lt;/a&gt;</msg>
<status status="PASS" starttime="20210720 13:53:10.067" endtime="20210720 13:53:10.137"/>
</kw>
<kw name="Close Browser" library="SeleniumLibrary">
<doc>Closes the current browser.</doc>
<status status="PASS" starttime="20210720 13:53:10.137" endtime="20210720 13:53:12.188"/>
</kw>
<status status="PASS" starttime="20210720 13:53:10.067" endtime="20210720 13:53:12.188"/>
</kw>
<status status="PASS" starttime="20210720 13:53:06.082" endtime="20210720 13:53:12.189"/>
</test>
<test id="s1-t2" name="Selecionar pelo valor e validar pelo texto">
<kw name="Nova sessão" library="base" type="SETUP">
<kw name="Open Browser" library="SeleniumLibrary">
<arg>${url}</arg>
<arg>headlesschrome</arg>
<doc>Opens a new browser instance to the optional ``url``.</doc>
<msg timestamp="20210720 13:53:12.191" level="INFO">Opening browser 'headlesschrome' to base url 'https://training-wheels-protocol.herokuapp.com'.</msg>
<status status="PASS" starttime="20210720 13:53:12.191" endtime="20210720 13:53:15.738"/>
</kw>
<status status="PASS" starttime="20210720 13:53:12.191" endtime="20210720 13:53:15.739"/>
</kw>
<kw name="Go To" library="SeleniumLibrary">
<arg>${url}/dropdown</arg>
<doc>Navigates the current browser window to the provided ``url``.</doc>
<msg timestamp="20210720 13:53:15.739" level="INFO">Opening url 'https://training-wheels-protocol.herokuapp.com/dropdown'</msg>
<status status="PASS" starttime="20210720 13:53:15.739" endtime="20210720 13:53:15.966"/>
</kw>
<kw name="Select From List By Value" library="SeleniumLibrary">
<arg>id:dropdown</arg>
<arg>6</arg>
<doc>Selects options from selection list ``locator`` by ``values``.</doc>
<msg timestamp="20210720 13:53:15.967" level="INFO">Selecting options from selection list 'id:dropdown' by value 6.</msg>
<status status="PASS" starttime="20210720 13:53:15.966" endtime="20210720 13:53:16.020"/>
</kw>
<kw name="Get Selected List Label" library="SeleniumLibrary">
<var>${selected}</var>
<arg>id:dropdown</arg>
<doc>Returns the label of selected option from selection list ``locator``.</doc>
<msg timestamp="20210720 13:53:16.100" level="INFO">${selected} = Loki</msg>
<status status="PASS" starttime="20210720 13:53:16.021" endtime="20210720 13:53:16.100"/>
</kw>
<kw name="Should Be Equal" library="BuiltIn">
<arg>${selected}</arg>
<arg>Loki</arg>
<doc>Fails if the given objects are unequal.</doc>
<status status="PASS" starttime="20210720 13:53:16.101" endtime="20210720 13:53:16.101"/>
</kw>
<kw name="Encerra sessão" library="base" type="TEARDOWN">
<kw name="Capture Page Screenshot" library="SeleniumLibrary">
<doc>Takes a screenshot of the current page and embeds it into a log file.</doc>
<msg timestamp="20210720 13:53:16.182" level="INFO" html="true">&lt;/td&gt;&lt;/tr&gt;&lt;tr&gt;&lt;td colspan="3"&gt;&lt;a href="selenium-screenshot-17.png"&gt;&lt;img src="selenium-screenshot-17.png" width="800px"&gt;&lt;/a&gt;</msg>
<status status="PASS" starttime="20210720 13:53:16.102" endtime="20210720 13:53:16.183"/>
</kw>
<kw name="Close Browser" library="SeleniumLibrary">
<doc>Closes the current browser.</doc>
<status status="PASS" starttime="20210720 13:53:16.183" endtime="20210720 13:53:18.243"/>
</kw>
<status status="PASS" starttime="20210720 13:53:16.101" endtime="20210720 13:53:18.243"/>
</kw>
<status status="PASS" starttime="20210720 13:53:12.190" endtime="20210720 13:53:18.244"/>
</test>
<status status="PASS" starttime="20210720 13:53:05.902" endtime="20210720 13:53:18.246"/>
</suite>
<statistics>
<total>
<stat pass="2" fail="0" skip="0">All Tests</stat>
</total>
<tag>
</tag>
<suite>
<stat pass="2" fail="0" skip="0" id="s1" name="Select">Select</stat>
</suite>
</statistics>
<errors>
</errors>
</robot>
