<?xml version="1.0" encoding="UTF-8"?>
<robot generator="Robot 4.0.3 (Python 3.9.6 on win32)" generated="20210706 10:56:16.296" rpa="false" schemaversion="2">
<suite id="s1" name="Login Form" source="C:\paygo\robot\web\tests\login_form.robot">
<test id="s1-t1" name="Login com sucesso">
<kw name="Nova sessão" library="base" type="SETUP">
<kw name="Open Browser" library="SeleniumLibrary">
<arg>${url}</arg>
<arg>chrome</arg>
<doc>Opens a new browser instance to the optional ``url``.</doc>
<msg timestamp="20210706 10:56:16.470" level="INFO">Opening browser 'chrome' to base url 'https://training-wheels-protocol.herokuapp.com'.</msg>
<status status="PASS" starttime="20210706 10:56:16.470" endtime="20210706 10:56:23.354"/>
</kw>
<status status="PASS" starttime="20210706 10:56:16.470" endtime="20210706 10:56:23.355"/>
</kw>
<kw name="Go To" library="SeleniumLibrary">
<arg>${url}/login</arg>
<doc>Navigates the current browser window to the provided ``url``.</doc>
<msg timestamp="20210706 10:56:23.356" level="INFO">Opening url 'https://training-wheels-protocol.herokuapp.com/login'</msg>
<status status="PASS" starttime="20210706 10:56:23.355" endtime="20210706 10:56:23.770"/>
</kw>
<kw name="Login With">
<arg>stark</arg>
<arg>jarvis!</arg>
<kw name="Input Text" library="SeleniumLibrary">
<arg>css:input[name=username]</arg>
<arg>${uname}</arg>
<doc>Types the given ``text`` into the text field identified by ``locator``.</doc>
<msg timestamp="20210706 10:56:23.771" level="INFO">Typing text 'stark' into text field 'css:input[name=username]'.</msg>
<status status="PASS" starttime="20210706 10:56:23.771" endtime="20210706 10:56:23.838"/>
</kw>
<kw name="Input Text" library="SeleniumLibrary">
<arg>css:input[name=password]</arg>
<arg>${pass}</arg>
<doc>Types the given ``text`` into the text field identified by ``locator``.</doc>
<msg timestamp="20210706 10:56:23.839" level="INFO">Typing text 'jarvis!' into text field 'css:input[name=password]'.</msg>
<status status="PASS" starttime="20210706 10:56:23.839" endtime="20210706 10:56:23.922"/>
</kw>
<kw name="Click Element" library="SeleniumLibrary">
<arg>class:btn-login</arg>
<doc>Click the element identified by ``locator``.</doc>
<msg timestamp="20210706 10:56:23.922" level="INFO">Clicking element 'class:btn-login'.</msg>
<status status="PASS" starttime="20210706 10:56:23.922" endtime="20210706 10:56:24.406"/>
</kw>
<status status="PASS" starttime="20210706 10:56:23.770" endtime="20210706 10:56:24.407"/>
</kw>
<kw name="Should See Logged User">
<arg>Tony Stark</arg>
<kw name="Page Should Contain" library="SeleniumLibrary">
<arg>Olá, ${full_name}. Você acessou a área logada!</arg>
<doc>Verifies that current page contains ``text``.</doc>
<msg timestamp="20210706 10:56:24.421" level="INFO">Current page contains text 'Olá, Tony Stark. Você acessou a área logada!'.</msg>
<status status="PASS" starttime="20210706 10:56:24.408" endtime="20210706 10:56:24.421"/>
</kw>
<status status="PASS" starttime="20210706 10:56:24.408" endtime="20210706 10:56:24.421"/>
</kw>
<kw name="Encerra sessão" library="base" type="TEARDOWN">
<kw name="Capture Page Screenshot" library="SeleniumLibrary">
<doc>Takes a screenshot of the current page and embeds it into a log file.</doc>
<msg timestamp="20210706 10:56:24.647" level="INFO" html="true">&lt;/td&gt;&lt;/tr&gt;&lt;tr&gt;&lt;td colspan="3"&gt;&lt;a href="selenium-screenshot-31.png"&gt;&lt;img src="selenium-screenshot-31.png" width="800px"&gt;&lt;/a&gt;</msg>
<status status="PASS" starttime="20210706 10:56:24.422" endtime="20210706 10:56:24.647"/>
</kw>
<kw name="Close Browser" library="SeleniumLibrary">
<doc>Closes the current browser.</doc>
<status status="PASS" starttime="20210706 10:56:24.648" endtime="20210706 10:56:26.778"/>
</kw>
<status status="PASS" starttime="20210706 10:56:24.422" endtime="20210706 10:56:26.779"/>
</kw>
<status status="PASS" starttime="20210706 10:56:16.469" endtime="20210706 10:56:26.780"/>
</test>
<test id="s1-t2" name="Login inválida">
<kw name="Nova sessão" library="base" type="SETUP">
<kw name="Open Browser" library="SeleniumLibrary">
<arg>${url}</arg>
<arg>chrome</arg>
<doc>Opens a new browser instance to the optional ``url``.</doc>
<msg timestamp="20210706 10:56:26.784" level="INFO">Opening browser 'chrome' to base url 'https://training-wheels-protocol.herokuapp.com'.</msg>
<status status="PASS" starttime="20210706 10:56:26.784" endtime="20210706 10:56:30.552"/>
</kw>
<status status="PASS" starttime="20210706 10:56:26.783" endtime="20210706 10:56:30.553"/>
</kw>
<kw name="Go To" library="SeleniumLibrary">
<arg>${url}/login</arg>
<doc>Navigates the current browser window to the provided ``url``.</doc>
<msg timestamp="20210706 10:56:30.553" level="INFO">Opening url 'https://training-wheels-protocol.herokuapp.com/login'</msg>
<status status="PASS" starttime="20210706 10:56:30.553" endtime="20210706 10:56:30.986"/>
</kw>
<kw name="Login With">
<arg>stark</arg>
<arg>12345</arg>
<kw name="Input Text" library="SeleniumLibrary">
<arg>css:input[name=username]</arg>
<arg>${uname}</arg>
<doc>Types the given ``text`` into the text field identified by ``locator``.</doc>
<msg timestamp="20210706 10:56:30.987" level="INFO">Typing text 'stark' into text field 'css:input[name=username]'.</msg>
<status status="PASS" starttime="20210706 10:56:30.987" endtime="20210706 10:56:31.080"/>
</kw>
<kw name="Input Text" library="SeleniumLibrary">
<arg>css:input[name=password]</arg>
<arg>${pass}</arg>
<doc>Types the given ``text`` into the text field identified by ``locator``.</doc>
<msg timestamp="20210706 10:56:31.080" level="INFO">Typing text '12345' into text field 'css:input[name=password]'.</msg>
<status status="PASS" starttime="20210706 10:56:31.080" endtime="20210706 10:56:31.172"/>
</kw>
<kw name="Click Element" library="SeleniumLibrary">
<arg>class:btn-login</arg>
<doc>Click the element identified by ``locator``.</doc>
<msg timestamp="20210706 10:56:31.173" level="INFO">Clicking element 'class:btn-login'.</msg>
<status status="PASS" starttime="20210706 10:56:31.172" endtime="20210706 10:56:31.604"/>
</kw>
<status status="PASS" starttime="20210706 10:56:30.986" endtime="20210706 10:56:31.604"/>
</kw>
<kw name="Should Contain Login Alert">
<arg>Senha é invalida!</arg>
<kw name="Get WebElement" library="SeleniumLibrary">
<var>${message}</var>
<arg>id:flash</arg>
<doc>Returns the first WebElement matching the given ``locator``.</doc>
<msg timestamp="20210706 10:56:31.621" level="INFO">${message} = &lt;selenium.webdriver.remote.webelement.WebElement (session="39243be5dc269f9b26310d26dd3a7e84", element="2c438d2e-52d7-4ea4-b971-7802db94821e")&gt;</msg>
<status status="PASS" starttime="20210706 10:56:31.606" endtime="20210706 10:56:31.622"/>
</kw>
<kw name="Should Contain" library="BuiltIn">
<arg>${message.text}</arg>
<arg>${expect_messagem}</arg>
<doc>Fails if ``container`` does not contain ``item`` one or more times.</doc>
<status status="PASS" starttime="20210706 10:56:31.622" endtime="20210706 10:56:31.639"/>
</kw>
<status status="PASS" starttime="20210706 10:56:31.605" endtime="20210706 10:56:31.639"/>
</kw>
<kw name="Encerra sessão" library="base" type="TEARDOWN">
<kw name="Capture Page Screenshot" library="SeleniumLibrary">
<doc>Takes a screenshot of the current page and embeds it into a log file.</doc>
<msg timestamp="20210706 10:56:32.009" level="INFO" html="true">&lt;/td&gt;&lt;/tr&gt;&lt;tr&gt;&lt;td colspan="3"&gt;&lt;a href="selenium-screenshot-32.png"&gt;&lt;img src="selenium-screenshot-32.png" width="800px"&gt;&lt;/a&gt;</msg>
<status status="PASS" starttime="20210706 10:56:31.640" endtime="20210706 10:56:32.009"/>
</kw>
<kw name="Close Browser" library="SeleniumLibrary">
<doc>Closes the current browser.</doc>
<status status="PASS" starttime="20210706 10:56:32.010" endtime="20210706 10:56:34.186"/>
</kw>
<status status="PASS" starttime="20210706 10:56:31.640" endtime="20210706 10:56:34.187"/>
</kw>
<tag>login_error</tag>
<status status="PASS" starttime="20210706 10:56:26.783" endtime="20210706 10:56:34.187"/>
</test>
<test id="s1-t3" name="Usuário não existe">
<kw name="Nova sessão" library="base" type="SETUP">
<kw name="Open Browser" library="SeleniumLibrary">
<arg>${url}</arg>
<arg>chrome</arg>
<doc>Opens a new browser instance to the optional ``url``.</doc>
<msg timestamp="20210706 10:56:34.190" level="INFO">Opening browser 'chrome' to base url 'https://training-wheels-protocol.herokuapp.com'.</msg>
<status status="PASS" starttime="20210706 10:56:34.190" endtime="20210706 10:56:37.831"/>
</kw>
<status status="PASS" starttime="20210706 10:56:34.190" endtime="20210706 10:56:37.831"/>
</kw>
<kw name="Go To" library="SeleniumLibrary">
<arg>${url}/login</arg>
<doc>Navigates the current browser window to the provided ``url``.</doc>
<msg timestamp="20210706 10:56:37.832" level="INFO">Opening url 'https://training-wheels-protocol.herokuapp.com/login'</msg>
<status status="PASS" starttime="20210706 10:56:37.832" endtime="20210706 10:56:38.262"/>
</kw>
<kw name="Login With">
<arg>john</arg>
<arg>12345</arg>
<kw name="Input Text" library="SeleniumLibrary">
<arg>css:input[name=username]</arg>
<arg>${uname}</arg>
<doc>Types the given ``text`` into the text field identified by ``locator``.</doc>
<msg timestamp="20210706 10:56:38.264" level="INFO">Typing text 'john' into text field 'css:input[name=username]'.</msg>
<status status="PASS" starttime="20210706 10:56:38.264" endtime="20210706 10:56:38.359"/>
</kw>
<kw name="Input Text" library="SeleniumLibrary">
<arg>css:input[name=password]</arg>
<arg>${pass}</arg>
<doc>Types the given ``text`` into the text field identified by ``locator``.</doc>
<msg timestamp="20210706 10:56:38.360" level="INFO">Typing text '12345' into text field 'css:input[name=password]'.</msg>
<status status="PASS" starttime="20210706 10:56:38.359" endtime="20210706 10:56:38.451"/>
</kw>
<kw name="Click Element" library="SeleniumLibrary">
<arg>class:btn-login</arg>
<doc>Click the element identified by ``locator``.</doc>
<msg timestamp="20210706 10:56:38.452" level="INFO">Clicking element 'class:btn-login'.</msg>
<status status="PASS" starttime="20210706 10:56:38.451" endtime="20210706 10:56:38.896"/>
</kw>
<status status="PASS" starttime="20210706 10:56:38.263" endtime="20210706 10:56:38.896"/>
</kw>
<kw name="Should Contain Login Alert">
<arg>O usuário informado não está cadastrado!</arg>
<kw name="Get WebElement" library="SeleniumLibrary">
<var>${message}</var>
<arg>id:flash</arg>
<doc>Returns the first WebElement matching the given ``locator``.</doc>
<msg timestamp="20210706 10:56:38.912" level="INFO">${message} = &lt;selenium.webdriver.remote.webelement.WebElement (session="4019a3061bfed357320a8cecfd6dbcf0", element="47619100-4ae3-4122-9090-a29e6966155f")&gt;</msg>
<status status="PASS" starttime="20210706 10:56:38.897" endtime="20210706 10:56:38.912"/>
</kw>
<kw name="Should Contain" library="BuiltIn">
<arg>${message.text}</arg>
<arg>${expect_messagem}</arg>
<doc>Fails if ``container`` does not contain ``item`` one or more times.</doc>
<status status="PASS" starttime="20210706 10:56:38.912" endtime="20210706 10:56:38.928"/>
</kw>
<status status="PASS" starttime="20210706 10:56:38.896" endtime="20210706 10:56:38.928"/>
</kw>
<kw name="Encerra sessão" library="base" type="TEARDOWN">
<kw name="Capture Page Screenshot" library="SeleniumLibrary">
<doc>Takes a screenshot of the current page and embeds it into a log file.</doc>
<msg timestamp="20210706 10:56:39.236" level="INFO" html="true">&lt;/td&gt;&lt;/tr&gt;&lt;tr&gt;&lt;td colspan="3"&gt;&lt;a href="selenium-screenshot-33.png"&gt;&lt;img src="selenium-screenshot-33.png" width="800px"&gt;&lt;/a&gt;</msg>
<status status="PASS" starttime="20210706 10:56:38.929" endtime="20210706 10:56:39.238"/>
</kw>
<kw name="Close Browser" library="SeleniumLibrary">
<doc>Closes the current browser.</doc>
<status status="PASS" starttime="20210706 10:56:39.238" endtime="20210706 10:56:41.400"/>
</kw>
<status status="PASS" starttime="20210706 10:56:38.929" endtime="20210706 10:56:41.400"/>
</kw>
<tag>login_user404</tag>
<status status="PASS" starttime="20210706 10:56:34.189" endtime="20210706 10:56:41.401"/>
</test>
<status status="PASS" starttime="20210706 10:56:16.297" endtime="20210706 10:56:41.405"/>
</suite>
<statistics>
<total>
<stat pass="3" fail="0" skip="0">All Tests</stat>
</total>
<tag>
<stat pass="1" fail="0" skip="0">login_error</stat>
<stat pass="1" fail="0" skip="0">login_user404</stat>
</tag>
<suite>
<stat pass="3" fail="0" skip="0" id="s1" name="Login Form">Login Form</stat>
</suite>
</statistics>
<errors>
</errors>
</robot>
